<?xml version="1.0" encoding="UTF-8" ?>
<testsuite errors="0" failures="0" hostname="vorkov" name="TestProgram" skipped="0" tests="1" time="0.025" timestamp="2021-06-13T13:14:41">
  <properties>
    <property name="java.vendor" value="Private Build" />
    <property name="sun.java.launcher" value="SUN_STANDARD" />
    <property name="sun.management.compiler" value="HotSpot 64-Bit Tiered Compilers" />
    <property name="lib" value="/home/vorkov/Workspace/Java/Lab3/hello/lib" />
    <property name="os.name" value="Linux" />
    <property name="sun.boot.class.path" value="/usr/lib/jvm/java-8-openjdk-amd64/jre/lib/resources.jar:/usr/lib/jvm/java-8-openjdk-amd64/jre/lib/rt.jar:/usr/lib/jvm/java-8-openjdk-amd64/jre/lib/sunrsasign.jar:/usr/lib/jvm/java-8-openjdk-amd64/jre/lib/jsse.jar:/usr/lib/jvm/java-8-openjdk-amd64/jre/lib/jce.jar:/usr/lib/jvm/java-8-openjdk-amd64/jre/lib/charsets.jar:/usr/lib/jvm/java-8-openjdk-amd64/jre/lib/jfr.jar:/usr/lib/jvm/java-8-openjdk-amd64/jre/classes" />
    <property name="sun.desktop" value="gnome" />
    <property name="java.vm.specification.vendor" value="Oracle Corporation" />
    <property name="ant.home" value="/usr/share/ant" />
    <property name="java.runtime.version" value="1.8.0_292-8u292-b10-0ubuntu1~20.10-b10" />
    <property name="user.name" value="vorkov" />
    <property name="ant.file.type.HelloWorld" value="file" />
    <property name="reports" value="/home/vorkov/Workspace/Java/Lab3/hello/reports" />
    <property name="user.language" value="en" />
    <property name="ant.file.HelloWorld" value="/home/vorkov/Workspace/Java/Lab3/hello/build.xml" />
    <property name="sun.boot.library.path" value="/usr/lib/jvm/java-8-openjdk-amd64/jre/lib/amd64" />
    <property name="ant.project.default-target" value="run" />
    <property name="ant.project.name" value="HelloWorld" />
    <property name="scripts" value="/home/vorkov/Workspace/Java/Lab3/hello/scripts" />
    <property name="java.version" value="1.8.0_292" />
    <property name="user.timezone" value="" />
    <property name="bin" value="/home/vorkov/Workspace/Java/Lab3/hello/bin" />
    <property name="sun.arch.data.model" value="64" />
    <property name="META-INF" value="/home/vorkov/Workspace/Java/Lab3/hello/META-INF" />
    <property name="java.endorsed.dirs" value="/usr/lib/jvm/java-8-openjdk-amd64/jre/lib/endorsed" />
    <property name="doc" value="/home/vorkov/Workspace/Java/Lab3/hello/doc" />
    <property name="sun.cpu.isalist" value="" />
    <property name="sun.jnu.encoding" value="UTF-8" />
    <property name="file.encoding.pkg" value="sun.io" />
    <property name="file.separator" value="/" />
    <property name="java.specification.name" value="Java Platform API Specification" />
    <property name="java.class.version" value="52.0" />
    <property name="src" value="/home/vorkov/Workspace/Java/Lab3/hello/src" />
    <property name="user.country" value="US" />
    <property name="java.home" value="/usr/lib/jvm/java-8-openjdk-amd64/jre" />
    <property name="java.vm.info" value="mixed mode" />
    <property name="ant.file" value="/home/vorkov/Workspace/Java/Lab3/hello/build.xml" />
    <property name="os.version" value="5.8.0-45-generic" />
    <property name="path.separator" value=":" />
    <property name="java.vm.version" value="25.292-b10" />
    <property name="ant.library.dir" value="/usr/share/ant/lib" />
    <property name="java.awt.printerjob" value="sun.print.PSPrinterJob" />
    <property name="git.previouscommit" value="453fefb7ce46e1d4ec6f279d367d0f3734a6a66e" />
    <property name="sun.io.unicode.encoding" value="UnicodeLittle" />
    <property name="awt.toolkit" value="sun.awt.X11.XToolkit" />
    <property name="user.home" value="/home/vorkov" />
    <property name="java.specification.vendor" value="Oracle Corporation" />
    <property name="java.library.path" value="/usr/local/lib/:/usr/lib:/usr/local/lib/:/usr/lib:/usr/local/lib/:/usr/lib:/usr/local/lib/:/usr/lib:/usr/local/lib/:/usr/lib:/usr/local/lib/:/usr/lib:/usr/local/lib/:/usr/lib:/usr/local/lib/:/usr/lib:/usr/local/lib/:/usr/lib::/usr/java/packages/lib/amd64:/usr/lib/x86_64-linux-gnu/jni:/lib/x86_64-linux-gnu:/usr/lib/x86_64-linux-gnu:/usr/lib/jni:/lib:/usr/lib" />
    <property name="java.vendor.url" value="http://java.oracle.com/" />
    <property name="java.vm.vendor" value="Private Build" />
    <property name="java.runtime.name" value="OpenJDK Runtime Environment" />
    <property name="sun.java.command" value="org.apache.tools.ant.launch.Launcher -cp  report" />
    <property name="java.class.path" value="/usr/share/ant/lib/ant-launcher.jar:/usr/share/ant/lib/ant-apache-regexp.jar:/usr/share/ant/lib/junit.jar:/usr/share/ant/lib/ant-jdepend.jar:/usr/share/ant/lib/ant-swing.jar:/usr/share/ant/lib/ant-commons-logging.jar:/usr/share/ant/lib/ant-jmf.jar:/usr/share/ant/lib/ant.jar:/usr/share/ant/lib/ant-javamail.jar:/usr/share/ant/lib/ant-antlr.jar:/usr/share/ant/lib/ant-commons-net.jar:/usr/share/ant/lib/ant-testutil.jar:/usr/share/ant/lib/ant-apache-bcel.jar:/usr/share/ant/lib/ant-apache-xalan2.jar:/usr/share/ant/lib/ant-jsch.jar:/usr/share/ant/lib/ant-junit.jar:/usr/share/ant/lib/ant-xz.jar:/usr/share/ant/lib/ant-apache-resolver.jar:/usr/share/ant/lib/ant-apache-log4j.jar:/usr/share/ant/lib/ant-junit4.jar:/usr/share/ant/lib/ant-apache-oro.jar:/usr/share/ant/lib/ant-launcher.jar:/usr/share/ant/lib/jsch.jar:/usr/share/ant/lib/ant-apache-bsf.jar:/usr/lib/jvm/java-8-openjdk-amd64/lib/tools.jar" />
    <property name="ant.version" value="Apache Ant(TM) version 1.10.8 compiled on January 8 1970" />
    <property name="java.vm.specification.name" value="Java Virtual Machine Specification" />
    <property name="ant.file.type" value="file" />
    <property name="java.vm.specification.version" value="1.8" />
    <property name="sun.cpu.endian" value="little" />
    <property name="sun.os.patch.level" value="unknown" />
    <property name="java.io.tmpdir" value="/tmp" />
    <property name="java.vendor.url.bug" value="http://bugreport.sun.com/bugreport/" />
    <property name="compile.successful" value="true" />
    <property name="os.arch" value="amd64" />
    <property name="java.awt.graphicsenv" value="sun.awt.X11GraphicsEnvironment" />
    <property name="java.ext.dirs" value="/usr/lib/jvm/java-8-openjdk-amd64/jre/lib/ext:/usr/java/packages/lib/ext" />
    <property name="user.dir" value="/home/vorkov/Workspace/Java/Lab3/hello" />
    <property name="line.separator" value="&#xa;" />
    <property name="java.vm.name" value="OpenJDK 64-Bit Server VM" />
    <property name="basedir" value="/home/vorkov/Workspace/Java/Lab3/hello" />
    <property name="ant.java.version" value="1.8" />
    <property name="ant.core.lib" value="/usr/share/ant/lib/ant.jar" />
    <property name="file.encoding" value="UTF-8" />
    <property name="java.specification.version" value="1.8" />
    <property name="ant.project.invoked-targets" value="report" />
  </properties>
  <testcase classname="TestProgram" name="testProgram" time="0.002" />
  <system-out><![CDATA[TEST START
TEST END
]]></system-out>
  <system-err><![CDATA[]]></system-err>
</testsuite>
